Linked: (/home/yzz/kal_ws/devel/.private/rospy_message_converter/share/common-lisp/ros/rospy_message_converter/srv/rospy_message_converter-srv.asd, /home/yzz/kal_ws/devel/share/common-lisp/ros/rospy_message_converter/srv/rospy_message_converter-srv.asd)
Linked: (/home/yzz/kal_ws/devel/.private/rospy_message_converter/share/common-lisp/ros/rospy_message_converter/srv/NestedUint8ArrayTestService.lisp, /home/yzz/kal_ws/devel/share/common-lisp/ros/rospy_message_converter/srv/NestedUint8ArrayTestService.lisp)
Linked: (/home/yzz/kal_ws/devel/.private/rospy_message_converter/share/common-lisp/ros/rospy_message_converter/srv/_package_NestedUint8ArrayTestService.lisp, /home/yzz/kal_ws/devel/share/common-lisp/ros/rospy_message_converter/srv/_package_NestedUint8ArrayTestService.lisp)
Linked: (/home/yzz/kal_ws/devel/.private/rospy_message_converter/share/common-lisp/ros/rospy_message_converter/srv/_package.lisp, /home/yzz/kal_ws/devel/share/common-lisp/ros/rospy_message_converter/srv/_package.lisp)
Linked: (/home/yzz/kal_ws/devel/.private/rospy_message_converter/share/common-lisp/ros/rospy_message_converter/msg/Uint8Array3TestMessage.lisp, /home/yzz/kal_ws/devel/share/common-lisp/ros/rospy_message_converter/msg/Uint8Array3TestMessage.lisp)
Linked: (/home/yzz/kal_ws/devel/.private/rospy_message_converter/share/common-lisp/ros/rospy_message_converter/msg/_package_NestedUint8ArrayTestMessage.lisp, /home/yzz/kal_ws/devel/share/common-lisp/ros/rospy_message_converter/msg/_package_NestedUint8ArrayTestMessage.lisp)
Linked: (/home/yzz/kal_ws/devel/.private/rospy_message_converter/share/common-lisp/ros/rospy_message_converter/msg/_package_Uint8Array3TestMessage.lisp, /home/yzz/kal_ws/devel/share/common-lisp/ros/rospy_message_converter/msg/_package_Uint8Array3TestMessage.lisp)
Linked: (/home/yzz/kal_ws/devel/.private/rospy_message_converter/share/common-lisp/ros/rospy_message_converter/msg/rospy_message_converter-msg.asd, /home/yzz/kal_ws/devel/share/common-lisp/ros/rospy_message_converter/msg/rospy_message_converter-msg.asd)
Linked: (/home/yzz/kal_ws/devel/.private/rospy_message_converter/share/common-lisp/ros/rospy_message_converter/msg/_package_Uint8ArrayTestMessage.lisp, /home/yzz/kal_ws/devel/share/common-lisp/ros/rospy_message_converter/msg/_package_Uint8ArrayTestMessage.lisp)
Linked: (/home/yzz/kal_ws/devel/.private/rospy_message_converter/share/common-lisp/ros/rospy_message_converter/msg/TestArray.lisp, /home/yzz/kal_ws/devel/share/common-lisp/ros/rospy_message_converter/msg/TestArray.lisp)
Linked: (/home/yzz/kal_ws/devel/.private/rospy_message_converter/share/common-lisp/ros/rospy_message_converter/msg/NestedUint8ArrayTestMessage.lisp, /home/yzz/kal_ws/devel/share/common-lisp/ros/rospy_message_converter/msg/NestedUint8ArrayTestMessage.lisp)
Linked: (/home/yzz/kal_ws/devel/.private/rospy_message_converter/share/common-lisp/ros/rospy_message_converter/msg/Uint8ArrayTestMessage.lisp, /home/yzz/kal_ws/devel/share/common-lisp/ros/rospy_message_converter/msg/Uint8ArrayTestMessage.lisp)
Linked: (/home/yzz/kal_ws/devel/.private/rospy_message_converter/share/common-lisp/ros/rospy_message_converter/msg/_package_TestArray.lisp, /home/yzz/kal_ws/devel/share/common-lisp/ros/rospy_message_converter/msg/_package_TestArray.lisp)
Linked: (/home/yzz/kal_ws/devel/.private/rospy_message_converter/share/common-lisp/ros/rospy_message_converter/msg/_package.lisp, /home/yzz/kal_ws/devel/share/common-lisp/ros/rospy_message_converter/msg/_package.lisp)
Linked: (/home/yzz/kal_ws/devel/.private/rospy_message_converter/share/roseus/ros/rospy_message_converter/manifest.l, /home/yzz/kal_ws/devel/share/roseus/ros/rospy_message_converter/manifest.l)
Linked: (/home/yzz/kal_ws/devel/.private/rospy_message_converter/share/roseus/ros/rospy_message_converter/srv/NestedUint8ArrayTestService.l, /home/yzz/kal_ws/devel/share/roseus/ros/rospy_message_converter/srv/NestedUint8ArrayTestService.l)
Linked: (/home/yzz/kal_ws/devel/.private/rospy_message_converter/share/roseus/ros/rospy_message_converter/msg/NestedUint8ArrayTestMessage.l, /home/yzz/kal_ws/devel/share/roseus/ros/rospy_message_converter/msg/NestedUint8ArrayTestMessage.l)
Linked: (/home/yzz/kal_ws/devel/.private/rospy_message_converter/share/roseus/ros/rospy_message_converter/msg/Uint8ArrayTestMessage.l, /home/yzz/kal_ws/devel/share/roseus/ros/rospy_message_converter/msg/Uint8ArrayTestMessage.l)
Linked: (/home/yzz/kal_ws/devel/.private/rospy_message_converter/share/roseus/ros/rospy_message_converter/msg/TestArray.l, /home/yzz/kal_ws/devel/share/roseus/ros/rospy_message_converter/msg/TestArray.l)
Linked: (/home/yzz/kal_ws/devel/.private/rospy_message_converter/share/roseus/ros/rospy_message_converter/msg/Uint8Array3TestMessage.l, /home/yzz/kal_ws/devel/share/roseus/ros/rospy_message_converter/msg/Uint8Array3TestMessage.l)
Linked: (/home/yzz/kal_ws/devel/.private/rospy_message_converter/share/gennodejs/ros/rospy_message_converter/_index.js, /home/yzz/kal_ws/devel/share/gennodejs/ros/rospy_message_converter/_index.js)
Linked: (/home/yzz/kal_ws/devel/.private/rospy_message_converter/share/gennodejs/ros/rospy_message_converter/srv/NestedUint8ArrayTestService.js, /home/yzz/kal_ws/devel/share/gennodejs/ros/rospy_message_converter/srv/NestedUint8ArrayTestService.js)
Linked: (/home/yzz/kal_ws/devel/.private/rospy_message_converter/share/gennodejs/ros/rospy_message_converter/srv/_index.js, /home/yzz/kal_ws/devel/share/gennodejs/ros/rospy_message_converter/srv/_index.js)
Linked: (/home/yzz/kal_ws/devel/.private/rospy_message_converter/share/gennodejs/ros/rospy_message_converter/msg/Uint8Array3TestMessage.js, /home/yzz/kal_ws/devel/share/gennodejs/ros/rospy_message_converter/msg/Uint8Array3TestMessage.js)
Linked: (/home/yzz/kal_ws/devel/.private/rospy_message_converter/share/gennodejs/ros/rospy_message_converter/msg/TestArray.js, /home/yzz/kal_ws/devel/share/gennodejs/ros/rospy_message_converter/msg/TestArray.js)
Linked: (/home/yzz/kal_ws/devel/.private/rospy_message_converter/share/gennodejs/ros/rospy_message_converter/msg/Uint8ArrayTestMessage.js, /home/yzz/kal_ws/devel/share/gennodejs/ros/rospy_message_converter/msg/Uint8ArrayTestMessage.js)
Linked: (/home/yzz/kal_ws/devel/.private/rospy_message_converter/share/gennodejs/ros/rospy_message_converter/msg/NestedUint8ArrayTestMessage.js, /home/yzz/kal_ws/devel/share/gennodejs/ros/rospy_message_converter/msg/NestedUint8ArrayTestMessage.js)
Linked: (/home/yzz/kal_ws/devel/.private/rospy_message_converter/share/gennodejs/ros/rospy_message_converter/msg/_index.js, /home/yzz/kal_ws/devel/share/gennodejs/ros/rospy_message_converter/msg/_index.js)
Linked: (/home/yzz/kal_ws/devel/.private/rospy_message_converter/share/rospy_message_converter/cmake/rospy_message_converterConfig-version.cmake, /home/yzz/kal_ws/devel/share/rospy_message_converter/cmake/rospy_message_converterConfig-version.cmake)
Linked: (/home/yzz/kal_ws/devel/.private/rospy_message_converter/share/rospy_message_converter/cmake/rospy_message_converter-msg-extras.cmake, /home/yzz/kal_ws/devel/share/rospy_message_converter/cmake/rospy_message_converter-msg-extras.cmake)
Linked: (/home/yzz/kal_ws/devel/.private/rospy_message_converter/share/rospy_message_converter/cmake/rospy_message_converter-msg-paths.cmake, /home/yzz/kal_ws/devel/share/rospy_message_converter/cmake/rospy_message_converter-msg-paths.cmake)
Linked: (/home/yzz/kal_ws/devel/.private/rospy_message_converter/share/rospy_message_converter/cmake/rospy_message_converterConfig.cmake, /home/yzz/kal_ws/devel/share/rospy_message_converter/cmake/rospy_message_converterConfig.cmake)
Linked: (/home/yzz/kal_ws/devel/.private/rospy_message_converter/include/rospy_message_converter/NestedUint8ArrayTestServiceRequest.h, /home/yzz/kal_ws/devel/include/rospy_message_converter/NestedUint8ArrayTestServiceRequest.h)
Linked: (/home/yzz/kal_ws/devel/.private/rospy_message_converter/include/rospy_message_converter/Uint8Array3TestMessage.h, /home/yzz/kal_ws/devel/include/rospy_message_converter/Uint8Array3TestMessage.h)
Linked: (/home/yzz/kal_ws/devel/.private/rospy_message_converter/include/rospy_message_converter/NestedUint8ArrayTestService.h, /home/yzz/kal_ws/devel/include/rospy_message_converter/NestedUint8ArrayTestService.h)
Linked: (/home/yzz/kal_ws/devel/.private/rospy_message_converter/include/rospy_message_converter/NestedUint8ArrayTestMessage.h, /home/yzz/kal_ws/devel/include/rospy_message_converter/NestedUint8ArrayTestMessage.h)
Linked: (/home/yzz/kal_ws/devel/.private/rospy_message_converter/include/rospy_message_converter/TestArray.h, /home/yzz/kal_ws/devel/include/rospy_message_converter/TestArray.h)
Linked: (/home/yzz/kal_ws/devel/.private/rospy_message_converter/include/rospy_message_converter/Uint8ArrayTestMessage.h, /home/yzz/kal_ws/devel/include/rospy_message_converter/Uint8ArrayTestMessage.h)
Linked: (/home/yzz/kal_ws/devel/.private/rospy_message_converter/include/rospy_message_converter/NestedUint8ArrayTestServiceResponse.h, /home/yzz/kal_ws/devel/include/rospy_message_converter/NestedUint8ArrayTestServiceResponse.h)
Linked: (/home/yzz/kal_ws/devel/.private/rospy_message_converter/lib/python3/dist-packages/rospy_message_converter/__init__.py, /home/yzz/kal_ws/devel/lib/python3/dist-packages/rospy_message_converter/__init__.py)
Linked: (/home/yzz/kal_ws/devel/.private/rospy_message_converter/lib/python3/dist-packages/rospy_message_converter/srv/_NestedUint8ArrayTestService.py, /home/yzz/kal_ws/devel/lib/python3/dist-packages/rospy_message_converter/srv/_NestedUint8ArrayTestService.py)
Linked: (/home/yzz/kal_ws/devel/.private/rospy_message_converter/lib/python3/dist-packages/rospy_message_converter/srv/__init__.py, /home/yzz/kal_ws/devel/lib/python3/dist-packages/rospy_message_converter/srv/__init__.py)
Linked: (/home/yzz/kal_ws/devel/.private/rospy_message_converter/lib/python3/dist-packages/rospy_message_converter/msg/_Uint8Array3TestMessage.py, /home/yzz/kal_ws/devel/lib/python3/dist-packages/rospy_message_converter/msg/_Uint8Array3TestMessage.py)
Linked: (/home/yzz/kal_ws/devel/.private/rospy_message_converter/lib/python3/dist-packages/rospy_message_converter/msg/_Uint8ArrayTestMessage.py, /home/yzz/kal_ws/devel/lib/python3/dist-packages/rospy_message_converter/msg/_Uint8ArrayTestMessage.py)
Linked: (/home/yzz/kal_ws/devel/.private/rospy_message_converter/lib/python3/dist-packages/rospy_message_converter/msg/_TestArray.py, /home/yzz/kal_ws/devel/lib/python3/dist-packages/rospy_message_converter/msg/_TestArray.py)
Linked: (/home/yzz/kal_ws/devel/.private/rospy_message_converter/lib/python3/dist-packages/rospy_message_converter/msg/_NestedUint8ArrayTestMessage.py, /home/yzz/kal_ws/devel/lib/python3/dist-packages/rospy_message_converter/msg/_NestedUint8ArrayTestMessage.py)
Linked: (/home/yzz/kal_ws/devel/.private/rospy_message_converter/lib/python3/dist-packages/rospy_message_converter/msg/__init__.py, /home/yzz/kal_ws/devel/lib/python3/dist-packages/rospy_message_converter/msg/__init__.py)
Linked: (/home/yzz/kal_ws/devel/.private/rospy_message_converter/lib/pkgconfig/rospy_message_converter.pc, /home/yzz/kal_ws/devel/lib/pkgconfig/rospy_message_converter.pc)
