Not searching for unused variables given on the command line.
[36m--[0m Using CATKIN_DEVEL_PREFIX: /home/yzz/kal_ws/devel/.private/path_generator_ros_tool
[36m--[0m Using CMAKE_PREFIX_PATH: /home/yzz/kal_ws/devel;/opt/ros/noetic
[36m--[0m This workspace overlays: /home/yzz/kal_ws/devel;/opt/ros/noetic
[36m--[0m Found PythonInterp: /usr/bin/python3 (found suitable version "3.8.10", minimum required is "3")
[36m--[0m Using PYTHON_EXECUTABLE: /usr/bin/python3
[36m--[0m Using Debian Python package layout
[36m--[0m Using empy: /usr/lib/python3/dist-packages/em.py
[36m--[0m Using CATKIN_ENABLE_TESTING: ON
[36m--[0m Call enable_testing()
[36m--[0m Using CATKIN_TEST_RESULTS_DIR: /home/yzz/kal_ws/build/path_generator_ros_tool/test_results
[36m--[0m Forcing gtest/gmock from source, though one was otherwise available.
[36m--[0m Found gtest sources under '/usr/src/googletest': gtests will be built
[36m--[0m Found gmock sources under '/usr/src/googletest': gmock will be built
[36m--[0m Found PythonInterp: /usr/bin/python3 (found version "3.8.10")
[36m--[0m Using Python nosetests: /usr/bin/nosetests3
[36m--[0m catkin 0.8.12
[36m--[0m BUILD_SHARED_LIBS is on
[36m--[0m Found OpenMP_C: -fopenmp
[36m--[0m Found OpenMP_CXX: -fopenmp
[36m--[0m Found OpenMP: TRUE
called: /opt/ros/noetic/share/mrt_cmake_modules/cmake/../scripts/generate_cmake_dependency_file.py /home/yzz/kal_ws/src/path_generator_ros_tool/package.xml /opt/ros/noetic/share/mrt_cmake_modules/cmake/../yaml/cmake.yaml /home/yzz/kal_ws/build/path_generator_ros_tool/CMakeFiles/auto_dep_vars.cmake
[31m[1mCMake Error[0m at /opt/ros/noetic/share/mrt_cmake_modules/cmake/Modules/FindAutoDeps.cmake:176 (message):
  Package rosinterface_handler was not found.  If it is a catkin package:
  Make sure it is present.  If it is an external package: Make sure it is
  listed in mrt_cmake_modules/yaml/cmake.yaml!
[36mCall Stack (most recent call first):[0m
  /opt/ros/noetic/share/mrt_cmake_modules/cmake/Modules/FindAutoDeps.cmake:262 (_find_dep)
  CMakeLists.txt:23 (find_package)


[36m--[0m Configuring incomplete, errors occurred!
See also "/home/yzz/kal_ws/build/path_generator_ros_tool/CMakeFiles/CMakeOutput.log".
See also "/home/yzz/kal_ws/build/path_generator_ros_tool/CMakeFiles/CMakeError.log".
