Symlinking /home/yzz/kal_ws/devel/share/rosinterface_handler/cmake/rosinterface_handlerConfig.cmake
Symlinking /home/yzz/kal_ws/devel/share/rosinterface_handler/cmake/rosinterface_handlerConfig-version.cmake
Symlinking /home/yzz/kal_ws/devel/share/rosinterface_handler/cmake/rosinterface_handler-extras.cmake
Symlinking /home/yzz/kal_ws/devel/share/rosinterface_handler/docs/MinMaxConfig.wikidoc
Symlinking /home/yzz/kal_ws/devel/share/rosinterface_handler/docs/DefaultsAtLaunchConfig-usage.dox
Symlinking /home/yzz/kal_ws/devel/share/rosinterface_handler/docs/DefaultsAtLaunchConfig.wikidoc
Symlinking /home/yzz/kal_ws/devel/share/rosinterface_handler/docs/MinMaxConfig.dox
Symlinking /home/yzz/kal_ws/devel/share/rosinterface_handler/docs/DefaultsConfig.dox
Symlinking /home/yzz/kal_ws/devel/share/rosinterface_handler/docs/DefaultsAtLaunchConfig.dox
Symlinking /home/yzz/kal_ws/devel/share/rosinterface_handler/docs/MinMaxConfig-usage.dox
Symlinking /home/yzz/kal_ws/devel/share/rosinterface_handler/docs/DefaultsConfig-usage.dox
Symlinking /home/yzz/kal_ws/devel/share/rosinterface_handler/docs/DefaultsMissingConfig-usage.dox
Symlinking /home/yzz/kal_ws/devel/share/rosinterface_handler/docs/DefaultsMissingConfig.wikidoc
Symlinking /home/yzz/kal_ws/devel/share/rosinterface_handler/docs/DefaultsMissingConfig.dox
Symlinking /home/yzz/kal_ws/devel/share/rosinterface_handler/docs/DefaultsConfig.wikidoc
Symlinking /home/yzz/kal_ws/devel/share/rosinterface_handler/cfg/DefaultsMissing.cfg
Symlinking /home/yzz/kal_ws/devel/share/rosinterface_handler/cfg/MinMax.cfg
Symlinking /home/yzz/kal_ws/devel/share/rosinterface_handler/cfg/Defaults.cfg
Symlinking /home/yzz/kal_ws/devel/share/rosinterface_handler/cfg/DefaultsAtLaunch.cfg
Symlinking /home/yzz/kal_ws/devel/include/rosinterface_handler/DefaultsAtLaunchConfig.h
Symlinking /home/yzz/kal_ws/devel/include/rosinterface_handler/DefaultsConfig.h
Symlinking /home/yzz/kal_ws/devel/include/rosinterface_handler/DefaultsAtLaunchInterface.h
Symlinking /home/yzz/kal_ws/devel/include/rosinterface_handler/MinMaxInterface.h
Symlinking /home/yzz/kal_ws/devel/include/rosinterface_handler/DefaultsInterface.h
Symlinking /home/yzz/kal_ws/devel/include/rosinterface_handler/MinMaxConfig.h
Symlinking /home/yzz/kal_ws/devel/include/rosinterface_handler/DefaultsMissingInterface.h
Symlinking /home/yzz/kal_ws/devel/include/rosinterface_handler/DefaultsMissingConfig.h
Symlinking /home/yzz/kal_ws/devel/lib/python3/dist-packages/rosinterface_handler/__init__.py
Symlinking /home/yzz/kal_ws/devel/lib/python3/dist-packages/rosinterface_handler/cfg/DefaultsMissingConfig.py
Symlinking /home/yzz/kal_ws/devel/lib/python3/dist-packages/rosinterface_handler/cfg/MinMaxConfig.py
Symlinking /home/yzz/kal_ws/devel/lib/python3/dist-packages/rosinterface_handler/cfg/DefaultsAtLaunchConfig.py
Symlinking /home/yzz/kal_ws/devel/lib/python3/dist-packages/rosinterface_handler/cfg/__init__.py
Symlinking /home/yzz/kal_ws/devel/lib/python3/dist-packages/rosinterface_handler/cfg/DefaultsConfig.py
Symlinking /home/yzz/kal_ws/devel/lib/python3/dist-packages/rosinterface_handler/interface/__init__.py
Symlinking /home/yzz/kal_ws/devel/lib/python3/dist-packages/rosinterface_handler/interface/MinMaxInterface.py
Symlinking /home/yzz/kal_ws/devel/lib/python3/dist-packages/rosinterface_handler/interface/DefaultsMissingInterface.py
Symlinking /home/yzz/kal_ws/devel/lib/python3/dist-packages/rosinterface_handler/interface/DefaultsInterface.py
Symlinking /home/yzz/kal_ws/devel/lib/python3/dist-packages/rosinterface_handler/interface/DefaultsAtLaunchInterface.py
Symlinking /home/yzz/kal_ws/devel/lib/pkgconfig/rosinterface_handler.pc
