[35m[1mScanning dependencies of target rosinterface_handler_geninterface[0m
[35m[1mScanning dependencies of target rosinterface_handler_gencfg[0m
[ 16%] [34m[1mGenerating interface files from DefaultsAtLaunch[0m
[ 25%] [34m[1mGenerating interface files from DefaultsAtLaunch[0m
[ 25%] [34m[1mGenerating interface files from Defaults[0m
[ 33%] [34m[1mGenerating interface files from MinMax[0m
[ 41%] [34m[1mGenerating interface files from Defaults[0m
[ 58%] [34m[1mGenerating interface files from DefaultsMissing[0m
[ 58%] [34m[1mGenerating interface files from DefaultsMissing[0m
[ 66%] [34m[1mGenerating interface files from MinMax[0m
Generating interface file for node rosinterface_handler_test (class MinMax) in package rosinterface_handler
Generating interface file for node rosinterface_handler_test (class Defaults) in package rosinterface_handler
Generating interface file for node rosinterface_handler_test (class DefaultsAtLaunch) in package rosinterface_handler
Generating interface file for node rosinterface_handler_test (class DefaultsMissing) in package rosinterface_handler
Generating interface file for node rosinterface_handler_test (class MinMax) in package rosinterface_handler
Generating interface file for node rosinterface_handler_test (class Defaults) in package rosinterface_handler
Generating interface file for node rosinterface_handler_test (class DefaultsAtLaunch) in package rosinterface_handler
Generating interface file for node rosinterface_handler_test (class DefaultsMissing) in package rosinterface_handler
[ 75%] [34m[1mGenerating dynamic reconfigure files from /home/yzz/kal_ws/devel/.private/rosinterface_handler/share/rosinterface_handler/cfg/DefaultsAtLaunch.cfg: /home/yzz/kal_ws/devel/.private/rosinterface_handler/include/rosinterface_handler/DefaultsAtLaunchConfig.h /home/yzz/kal_ws/devel/.private/rosinterface_handler/lib/python3/dist-packages/rosinterface_handler/cfg/DefaultsAtLaunchConfig.py[0m
[ 83%] [34m[1mGenerating dynamic reconfigure files from /home/yzz/kal_ws/devel/.private/rosinterface_handler/share/rosinterface_handler/cfg/DefaultsMissing.cfg: /home/yzz/kal_ws/devel/.private/rosinterface_handler/include/rosinterface_handler/DefaultsMissingConfig.h /home/yzz/kal_ws/devel/.private/rosinterface_handler/lib/python3/dist-packages/rosinterface_handler/cfg/DefaultsMissingConfig.py[0m
[ 83%] Built target rosinterface_handler_geninterface
[ 91%] [34m[1mGenerating dynamic reconfigure files from /home/yzz/kal_ws/devel/.private/rosinterface_handler/share/rosinterface_handler/cfg/MinMax.cfg: /home/yzz/kal_ws/devel/.private/rosinterface_handler/include/rosinterface_handler/MinMaxConfig.h /home/yzz/kal_ws/devel/.private/rosinterface_handler/lib/python3/dist-packages/rosinterface_handler/cfg/MinMaxConfig.py[0m
Generating reconfiguration files for DefaultsMissing in rosinterface_handler
Generating reconfiguration files for DefaultsAtLaunch in rosinterface_handler
Wrote header file in /home/yzz/kal_ws/devel/.private/rosinterface_handler/include/rosinterface_handler/DefaultsMissingConfig.h
Wrote header file in /home/yzz/kal_ws/devel/.private/rosinterface_handler/include/rosinterface_handler/DefaultsAtLaunchConfig.h
Generating reconfiguration files for MinMax in rosinterface_handler
Wrote header file in /home/yzz/kal_ws/devel/.private/rosinterface_handler/include/rosinterface_handler/MinMaxConfig.h
[100%] [34m[1mGenerating dynamic reconfigure files from /home/yzz/kal_ws/devel/.private/rosinterface_handler/share/rosinterface_handler/cfg/Defaults.cfg: /home/yzz/kal_ws/devel/.private/rosinterface_handler/include/rosinterface_handler/DefaultsConfig.h /home/yzz/kal_ws/devel/.private/rosinterface_handler/lib/python3/dist-packages/rosinterface_handler/cfg/DefaultsConfig.py[0m
Generating reconfiguration files for Defaults in rosinterface_handler
Wrote header file in /home/yzz/kal_ws/devel/.private/rosinterface_handler/include/rosinterface_handler/DefaultsConfig.h
[100%] Built target rosinterface_handler_gencfg
