[ 12%] Built target visualization_msgs_generate_messages_py
[ 12%] Built target visualization_msgs_generate_messages_lisp
[ 25%] Built target kal_controller_ros_tool_gencfg
[ 25%] Built target tf2_msgs_generate_messages_nodejs
[ 25%] Built target visualization_msgs_generate_messages_nodejs
[ 25%] Built target tf2_msgs_generate_messages_eus
[ 25%] Built target actionlib_msgs_generate_messages_cpp
[ 25%] Built target actionlib_msgs_generate_messages_py
[ 25%] Built target visualization_msgs_generate_messages_cpp
[ 25%] Built target actionlib_generate_messages_cpp
[ 25%] Built target nodelet_generate_messages_cpp
[ 25%] Built target std_msgs_generate_messages_cpp
[ 25%] Built target tf2_msgs_generate_messages_lisp
[ 25%] Built target actionlib_generate_messages_py
[ 25%] Built target dynamic_reconfigure_gencfg
[ 25%] Built target rosinterface_handler_geninterface
[ 25%] Built target rosgraph_msgs_generate_messages_lisp
[ 25%] Built target nav_msgs_generate_messages_nodejs
[ 25%] Built target rosinterface_handler_gencfg
[ 25%] Built target rosgraph_msgs_generate_messages_nodejs
[ 25%] Built target roscpp_generate_messages_py
[ 25%] Built target roscpp_generate_messages_nodejs
[ 25%] Built target actionlib_msgs_generate_messages_lisp
[ 25%] Built target std_msgs_generate_messages_eus
[ 25%] Built target actionlib_msgs_generate_messages_nodejs
[ 25%] Built target rosgraph_msgs_generate_messages_py
[ 25%] Built target rosgraph_msgs_generate_messages_cpp
[ 25%] Built target nodelet_generate_messages_eus
[ 25%] Built target roscpp_generate_messages_lisp
[ 25%] Built target _catkin_empty_exported_target
[ 25%] Built target actionlib_generate_messages_eus
[ 25%] Built target actionlib_generate_messages_lisp
[ 25%] Built target std_msgs_generate_messages_lisp
[ 25%] Built target actionlib_msgs_generate_messages_eus
[ 25%] Built target std_msgs_generate_messages_py
[ 25%] Built target geometry_msgs_generate_messages_eus
[ 25%] Built target roscpp_generate_messages_eus
[ 25%] Built target actionlib_generate_messages_nodejs
[ 25%] Built target dynamic_reconfigure_generate_messages_py
[ 25%] Built target nodelet_generate_messages_nodejs
[ 25%] Built target ackermann_msgs_generate_messages_cpp
[ 25%] Built target bond_generate_messages_nodejs
[ 25%] Built target nodelet_generate_messages_lisp
[ 25%] Built target std_msgs_generate_messages_nodejs
[ 25%] Built target rosgraph_msgs_generate_messages_eus
[ 25%] Built target visualization_msgs_generate_messages_eus
[ 37%] Built target kal_controller_ros_tool_geninterface
[ 37%] Built target nav_msgs_generate_messages_cpp
[ 37%] Built target nodelet_generate_messages_py
[ 37%] Built target bond_generate_messages_eus
[ 37%] Built target ackermann_msgs_generate_messages_nodejs
[ 37%] Built target ackermann_msgs_generate_messages_eus
[ 37%] Built target bond_generate_messages_py
[ 37%] Built target roscpp_generate_messages_cpp
[ 37%] Built target bond_generate_messages_lisp
[ 37%] Built target geometry_msgs_generate_messages_nodejs
[ 37%] Built target ackermann_msgs_generate_messages_py
[ 37%] Built target dynamic_reconfigure_generate_messages_eus
[ 37%] Built target ackermann_msgs_generate_messages_lisp
[ 37%] Built target dynamic_reconfigure_generate_messages_cpp
[ 37%] Built target tf2_msgs_generate_messages_cpp
[ 37%] Built target dynamic_reconfigure_generate_messages_lisp
[ 37%] Built target tf2_msgs_generate_messages_py
[ 37%] Built target bond_generate_messages_cpp
[ 37%] Built target nav_msgs_generate_messages_py
[ 37%] Built target geometry_msgs_generate_messages_cpp
[ 37%] Built target nav_msgs_generate_messages_eus
[ 37%] Built target dynamic_reconfigure_generate_messages_nodejs
[ 37%] Built target geometry_msgs_generate_messages_lisp
[ 37%] Built target nav_msgs_generate_messages_lisp
[ 37%] Built target geometry_msgs_generate_messages_py
[ 75%] Built target kal_controller_ros_tool-controller-nodelet
[100%] Built target kal_controller_ros_tool-controller-exec
