Not searching for unused variables given on the command line.
[36m--[0m The C compiler identification is GNU 9.4.0
[36m--[0m The CXX compiler identification is GNU 9.4.0
[36m--[0m Check for working C compiler: /usr/bin/cc
[36m--[0m Check for working C compiler: /usr/bin/cc -- works
[36m--[0m Detecting C compiler ABI info
[36m--[0m Detecting C compiler ABI info - done
[36m--[0m Detecting C compile features
[36m--[0m Detecting C compile features - done
[36m--[0m Check for working CXX compiler: /usr/bin/c++
[36m--[0m Check for working CXX compiler: /usr/bin/c++ -- works
[36m--[0m Detecting CXX compiler ABI info
[36m--[0m Detecting CXX compiler ABI info - done
[36m--[0m Detecting CXX compile features
[36m--[0m Detecting CXX compile features - done
[36m--[0m Using CATKIN_DEVEL_PREFIX: /home/yzz/kal_ws/devel/.private/kal_controller_ros_tool
[36m--[0m Using CMAKE_PREFIX_PATH: /home/yzz/kal_ws/devel;/opt/ros/noetic
[36m--[0m This workspace overlays: /home/yzz/kal_ws/devel;/opt/ros/noetic
[36m--[0m Found PythonInterp: /usr/bin/python3 (found suitable version "3.8.10", minimum required is "3")
[36m--[0m Using PYTHON_EXECUTABLE: /usr/bin/python3
[36m--[0m Using Debian Python package layout
[36m--[0m Found PY_em: /usr/lib/python3/dist-packages/em.py
[36m--[0m Using empy: /usr/lib/python3/dist-packages/em.py
[36m--[0m Using CATKIN_ENABLE_TESTING: ON
[36m--[0m Call enable_testing()
[36m--[0m Using CATKIN_TEST_RESULTS_DIR: /home/yzz/kal_ws/build/kal_controller_ros_tool/test_results
[36m--[0m Forcing gtest/gmock from source, though one was otherwise available.
[36m--[0m Found gtest sources under '/usr/src/googletest': gtests will be built
[36m--[0m Found gmock sources under '/usr/src/googletest': gmock will be built
[36m--[0m Found PythonInterp: /usr/bin/python3 (found version "3.8.10")
[36m--[0m Found Threads: TRUE
[36m--[0m Using Python nosetests: /usr/bin/nosetests3
[36m--[0m catkin 0.8.12
[36m--[0m BUILD_SHARED_LIBS is on
[36m--[0m Found OpenMP_C: -fopenmp (found version "4.5")
[36m--[0m Found OpenMP_CXX: -fopenmp (found version "4.5")
[36m--[0m Found OpenMP: TRUE (found version "4.5")
called: /opt/ros/noetic/share/mrt_cmake_modules/cmake/../scripts/generate_cmake_dependency_file.py /home/yzz/kal_ws/src/kal_controller_ros_tool/package.xml /opt/ros/noetic/share/mrt_cmake_modules/cmake/../yaml/cmake.yaml /home/yzz/kal_ws/build/kal_controller_ros_tool/CMakeFiles/auto_dep_vars.cmake
[36m--[0m Using these message generators: gencpp;geneus;genlisp;gennodejs;genpy
[36m--[0m Adding nodelet "controller"
[36m--[0m Adding library "kal_controller_ros_tool-controller-nodelet" with source src/controller/controller.cpp;src/controller/controller_nodelet.cpp, includes src/controller/controller.hpp;src/controller/conversions.hpp
[36m--[0m Adding executable "controller" with source: src/controller/controller_node.cpp;src/controller/controller.hpp;src/controller/conversions.hpp
[36m--[0m Marking libraries "kal_controller_ros_tool-controller-exec" of package "kal_controller_ros_tool" for installation
[36m--[0m Marking targets "kal_controller_ros_tool-controller-exec" of package "kal_controller_ros_tool" for installation
[36m--[0m Marking SHARED CONTENT FOLDER "launch" of package "kal_controller_ros_tool" for installation
[36m--[0m Marking FILE "nodelet_plugins.xml" of package "kal_controller_ros_tool" for installation
[36m--[0m Generating cmake exports for kal_controller_ros_tool to /home/yzz/kal_ws/devel/.private/kal_controller_ros_tool/share
[36m--[0m Adding gtest-rostest "kal_controller_ros_tool-rostest-controller_node-test" with test file test/controller_node.test
[36m--[0m Creating gtest 'kal_controller_ros_tool-rostest-controller_node-test' from test/controller_node.cpp
[36m--[0m Adding nosetests in folder /home/yzz/kal_ws/src/kal_controller_ros_tool/test
[36m--[0m Using Python nosetests: /usr/bin/nosetests3
[36m--[0m Adding nosetest nosetests-kal_controller_ros_tool-test
[36m--[0m Configuring done
[36m--[0m Generating done
[36m--[0m Build files have been written to: /home/yzz/kal_ws/build/kal_controller_ros_tool
