[ 12%] Built target visualization_msgs_generate_messages_py
[ 12%] Built target actionlib_msgs_generate_messages_cpp
[ 12%] Built target visualization_msgs_generate_messages_nodejs
[ 12%] Built target visualization_msgs_generate_messages_lisp
[ 12%] [34m[1mGenerating interface files from Controller[0m
[ 12%] Built target visualization_msgs_generate_messages_cpp
[ 12%] Built target tf2_msgs_generate_messages_nodejs
[ 12%] Built target tf2_msgs_generate_messages_lisp
[ 12%] Built target actionlib_generate_messages_py
[ 12%] Built target tf2_msgs_generate_messages_eus
[ 12%] Built target actionlib_generate_messages_cpp
[ 12%] Built target nodelet_generate_messages_cpp
[ 12%] Built target actionlib_msgs_generate_messages_py
[ 12%] Built target rosinterface_handler_geninterface
[ 12%] Built target dynamic_reconfigure_gencfg
[ 12%] Built target std_msgs_generate_messages_cpp
[ 12%] Built target actionlib_msgs_generate_messages_nodejs
[ 12%] Built target nav_msgs_generate_messages_nodejs
[ 12%] Built target rosgraph_msgs_generate_messages_lisp
[ 12%] Built target std_msgs_generate_messages_eus
[ 12%] Built target rosgraph_msgs_generate_messages_nodejs
[ 12%] Built target actionlib_msgs_generate_messages_lisp
[ 12%] Built target nodelet_generate_messages_eus
[ 12%] Built target actionlib_generate_messages_eus
[ 12%] Built target rosgraph_msgs_generate_messages_cpp
[ 12%] Built target roscpp_generate_messages_py
[ 12%] Built target roscpp_generate_messages_nodejs
[ 12%] Built target actionlib_generate_messages_lisp
[ 12%] Built target rosinterface_handler_gencfg
[ 12%] Built target rosgraph_msgs_generate_messages_py
[ 12%] Built target roscpp_generate_messages_lisp
Generating interface file for node controller (class Controller) in package kal_controller_ros_tool
[ 12%] Built target dynamic_reconfigure_generate_messages_py
[ 12%] Built target ackermann_msgs_generate_messages_cpp
[ 12%] Built target std_msgs_generate_messages_py
[ 12%] Built target nodelet_generate_messages_lisp
[ 12%] Built target actionlib_generate_messages_nodejs
[ 12%] Built target std_msgs_generate_messages_lisp
[ 25%] [34m[1mGenerating interface files from Controller[0m
[ 25%] Built target std_msgs_generate_messages_nodejs
[ 25%] Built target geometry_msgs_generate_messages_eus
[ 25%] Built target roscpp_generate_messages_eus
[ 25%] Built target nodelet_generate_messages_nodejs
[ 25%] Built target actionlib_msgs_generate_messages_eus
[ 25%] Built target bond_generate_messages_nodejs
[ 25%] Built target _catkin_empty_exported_target
[ 25%] Built target rosgraph_msgs_generate_messages_eus
[ 37%] Built target roscpp_generate_messages_cpp
[ 37%] Built target nav_msgs_generate_messages_cpp
[ 37%] Built target bond_generate_messages_lisp
[ 37%] [34m[1mGenerating dynamic reconfigure files from /home/yzz/kal_ws/devel/.private/kal_controller_ros_tool/share/kal_controller_ros_tool/cfg/Controller.cfg: /home/yzz/kal_ws/devel/.private/kal_controller_ros_tool/include/kal_controller_ros_tool/ControllerConfig.h /home/yzz/kal_ws/devel/.private/kal_controller_ros_tool/lib/python3/dist-packages/kal_controller_ros_tool/cfg/ControllerConfig.py[0m
[ 37%] Built target ackermann_msgs_generate_messages_nodejs
[ 37%] Built target ackermann_msgs_generate_messages_eus
[ 37%] Built target nodelet_generate_messages_py
[ 37%] Built target ackermann_msgs_generate_messages_lisp
[ 37%] Built target bond_generate_messages_py
[ 37%] Built target dynamic_reconfigure_generate_messages_eus
[ 37%] Built target geometry_msgs_generate_messages_nodejs
[ 37%] Built target visualization_msgs_generate_messages_eus
[ 37%] Built target ackermann_msgs_generate_messages_py
[ 37%] Built target bond_generate_messages_eus
Generating interface file for node controller (class Controller) in package kal_controller_ros_tool
[ 37%] Built target dynamic_reconfigure_generate_messages_cpp
[ 37%] Built target geometry_msgs_generate_messages_py
[ 37%] Built target dynamic_reconfigure_generate_messages_lisp
[ 37%] Built target tf2_msgs_generate_messages_cpp
[ 37%] Built target tf2_msgs_generate_messages_py
[ 37%] Built target dynamic_reconfigure_generate_messages_nodejs
[ 37%] Built target bond_generate_messages_cpp
[ 37%] Built target geometry_msgs_generate_messages_cpp
[ 37%] Built target geometry_msgs_generate_messages_lisp
[ 37%] Built target nav_msgs_generate_messages_py
[ 37%] Built target nav_msgs_generate_messages_lisp
[ 37%] Built target nav_msgs_generate_messages_eus
Generating reconfiguration files for Controller in kal_controller_ros_tool
Wrote header file in /home/yzz/kal_ws/devel/.private/kal_controller_ros_tool/include/kal_controller_ros_tool/ControllerConfig.h
[ 37%] Built target kal_controller_ros_tool_geninterface
[ 37%] Built target kal_controller_ros_tool_gencfg
[35m[1mScanning dependencies of target kal_controller_ros_tool-controller-nodelet[0m
[ 62%] [32mBuilding CXX object CMakeFiles/kal_controller_ros_tool-controller-nodelet.dir/src/controller/controller_nodelet.cpp.o[0m
[ 62%] [32mBuilding CXX object CMakeFiles/kal_controller_ros_tool-controller-nodelet.dir/src/controller/controller.cpp.o[0m
[ 75%] [32m[1mLinking CXX shared library /home/yzz/kal_ws/devel/.private/kal_controller_ros_tool/lib/libkal_controller_ros_tool-controller-nodelet.so[0m
[ 75%] Built target kal_controller_ros_tool-controller-nodelet
[35m[1mScanning dependencies of target kal_controller_ros_tool-controller-exec[0m
[ 87%] [32mBuilding CXX object CMakeFiles/kal_controller_ros_tool-controller-exec.dir/src/controller/controller_node.cpp.o[0m
[100%] [32m[1mLinking CXX executable /home/yzz/kal_ws/devel/.private/kal_controller_ros_tool/lib/kal_controller_ros_tool/controller[0m
[100%] Built target kal_controller_ros_tool-controller-exec
