Linked: (/home/yzz/kal_ws/devel/.private/kal_controller_ros_tool/share/kal_controller_ros_tool/cmake/kal_controller_ros_toolTargets.cmake, /home/yzz/kal_ws/devel/share/kal_controller_ros_tool/cmake/kal_controller_ros_toolTargets.cmake)
Linked: (/home/yzz/kal_ws/devel/.private/kal_controller_ros_tool/share/kal_controller_ros_tool/cmake/kal_controller_ros_toolAutoDepsConfig.cmake, /home/yzz/kal_ws/devel/share/kal_controller_ros_tool/cmake/kal_controller_ros_toolAutoDepsConfig.cmake)
Linked: (/home/yzz/kal_ws/devel/.private/kal_controller_ros_tool/share/kal_controller_ros_tool/cmake/auto_dep_vars.cmake, /home/yzz/kal_ws/devel/share/kal_controller_ros_tool/cmake/auto_dep_vars.cmake)
Linked: (/home/yzz/kal_ws/devel/.private/kal_controller_ros_tool/share/kal_controller_ros_tool/cmake/kal_controller_ros_toolConfig.cmake, /home/yzz/kal_ws/devel/share/kal_controller_ros_tool/cmake/kal_controller_ros_toolConfig.cmake)
Linked: (/home/yzz/kal_ws/devel/.private/kal_controller_ros_tool/share/kal_controller_ros_tool/cmake/kal_controller_ros_toolConfigVersion.cmake, /home/yzz/kal_ws/devel/share/kal_controller_ros_tool/cmake/kal_controller_ros_toolConfigVersion.cmake)
Linked: (/home/yzz/kal_ws/devel/.private/kal_controller_ros_tool/share/kal_controller_ros_tool/docs/ControllerConfig.dox, /home/yzz/kal_ws/devel/share/kal_controller_ros_tool/docs/ControllerConfig.dox)
Linked: (/home/yzz/kal_ws/devel/.private/kal_controller_ros_tool/share/kal_controller_ros_tool/docs/ControllerConfig-usage.dox, /home/yzz/kal_ws/devel/share/kal_controller_ros_tool/docs/ControllerConfig-usage.dox)
Linked: (/home/yzz/kal_ws/devel/.private/kal_controller_ros_tool/share/kal_controller_ros_tool/docs/ControllerConfig.wikidoc, /home/yzz/kal_ws/devel/share/kal_controller_ros_tool/docs/ControllerConfig.wikidoc)
Linked: (/home/yzz/kal_ws/devel/.private/kal_controller_ros_tool/share/kal_controller_ros_tool/cfg/Controller.cfg, /home/yzz/kal_ws/devel/share/kal_controller_ros_tool/cfg/Controller.cfg)
Linked: (/home/yzz/kal_ws/devel/.private/kal_controller_ros_tool/include/kal_controller_ros_tool/ControllerConfig.h, /home/yzz/kal_ws/devel/include/kal_controller_ros_tool/ControllerConfig.h)
Linked: (/home/yzz/kal_ws/devel/.private/kal_controller_ros_tool/include/kal_controller_ros_tool/ControllerInterface.h, /home/yzz/kal_ws/devel/include/kal_controller_ros_tool/ControllerInterface.h)
Linked: (/home/yzz/kal_ws/devel/.private/kal_controller_ros_tool/lib/libkal_controller_ros_tool-controller-nodelet.so.0.0.0, /home/yzz/kal_ws/devel/lib/libkal_controller_ros_tool-controller-nodelet.so.0.0.0)
Linked: (/home/yzz/kal_ws/devel/.private/kal_controller_ros_tool/lib/libkal_controller_ros_tool-controller-nodelet.so.0, /home/yzz/kal_ws/devel/lib/libkal_controller_ros_tool-controller-nodelet.so.0)
Linked: (/home/yzz/kal_ws/devel/.private/kal_controller_ros_tool/lib/libkal_controller_ros_tool-controller-nodelet.so, /home/yzz/kal_ws/devel/lib/libkal_controller_ros_tool-controller-nodelet.so)
Linked: (/home/yzz/kal_ws/devel/.private/kal_controller_ros_tool/lib/kal_controller_ros_tool/controller, /home/yzz/kal_ws/devel/lib/kal_controller_ros_tool/controller)
Linked: (/home/yzz/kal_ws/devel/.private/kal_controller_ros_tool/lib/python3/dist-packages/kal_controller_ros_tool/__init__.py, /home/yzz/kal_ws/devel/lib/python3/dist-packages/kal_controller_ros_tool/__init__.py)
Linked: (/home/yzz/kal_ws/devel/.private/kal_controller_ros_tool/lib/python3/dist-packages/kal_controller_ros_tool/cfg/ControllerConfig.py, /home/yzz/kal_ws/devel/lib/python3/dist-packages/kal_controller_ros_tool/cfg/ControllerConfig.py)
Linked: (/home/yzz/kal_ws/devel/.private/kal_controller_ros_tool/lib/python3/dist-packages/kal_controller_ros_tool/cfg/__init__.py, /home/yzz/kal_ws/devel/lib/python3/dist-packages/kal_controller_ros_tool/cfg/__init__.py)
Linked: (/home/yzz/kal_ws/devel/.private/kal_controller_ros_tool/lib/python3/dist-packages/kal_controller_ros_tool/interface/ControllerInterface.py, /home/yzz/kal_ws/devel/lib/python3/dist-packages/kal_controller_ros_tool/interface/ControllerInterface.py)
Linked: (/home/yzz/kal_ws/devel/.private/kal_controller_ros_tool/lib/python3/dist-packages/kal_controller_ros_tool/interface/__init__.py, /home/yzz/kal_ws/devel/lib/python3/dist-packages/kal_controller_ros_tool/interface/__init__.py)
