Symlinking /home/yzz/kal_ws/devel/share/kal_controller_ros_tool/cmake/kal_controller_ros_toolTargets.cmake
Symlinking /home/yzz/kal_ws/devel/share/kal_controller_ros_tool/cmake/kal_controller_ros_toolAutoDepsConfig.cmake
Symlinking /home/yzz/kal_ws/devel/share/kal_controller_ros_tool/cmake/auto_dep_vars.cmake
Symlinking /home/yzz/kal_ws/devel/share/kal_controller_ros_tool/cmake/kal_controller_ros_toolConfig.cmake
Symlinking /home/yzz/kal_ws/devel/share/kal_controller_ros_tool/cmake/kal_controller_ros_toolConfigVersion.cmake
Symlinking /home/yzz/kal_ws/devel/share/kal_controller_ros_tool/docs/ControllerConfig.dox
Symlinking /home/yzz/kal_ws/devel/share/kal_controller_ros_tool/docs/ControllerConfig-usage.dox
Symlinking /home/yzz/kal_ws/devel/share/kal_controller_ros_tool/docs/ControllerConfig.wikidoc
Symlinking /home/yzz/kal_ws/devel/share/kal_controller_ros_tool/cfg/Controller.cfg
Symlinking /home/yzz/kal_ws/devel/include/kal_controller_ros_tool/ControllerConfig.h
Symlinking /home/yzz/kal_ws/devel/include/kal_controller_ros_tool/ControllerInterface.h
Symlinking /home/yzz/kal_ws/devel/lib/libkal_controller_ros_tool-controller-nodelet.so.0.0.0
Symlinking /home/yzz/kal_ws/devel/lib/libkal_controller_ros_tool-controller-nodelet.so.0
Symlinking /home/yzz/kal_ws/devel/lib/libkal_controller_ros_tool-controller-nodelet.so
Symlinking /home/yzz/kal_ws/devel/lib/kal_controller_ros_tool/controller
Symlinking /home/yzz/kal_ws/devel/lib/python3/dist-packages/kal_controller_ros_tool/__init__.py
Symlinking /home/yzz/kal_ws/devel/lib/python3/dist-packages/kal_controller_ros_tool/cfg/ControllerConfig.py
Symlinking /home/yzz/kal_ws/devel/lib/python3/dist-packages/kal_controller_ros_tool/cfg/__init__.py
Symlinking /home/yzz/kal_ws/devel/lib/python3/dist-packages/kal_controller_ros_tool/interface/ControllerInterface.py
Symlinking /home/yzz/kal_ws/devel/lib/python3/dist-packages/kal_controller_ros_tool/interface/__init__.py
