[36m--[0m Using CATKIN_DEVEL_PREFIX: /home/yzz/kal_ws/devel/.private/kal_controller
[36m--[0m Using CMAKE_PREFIX_PATH: /home/yzz/kal_ws/devel;/opt/ros/noetic
[36m--[0m This workspace overlays: /home/yzz/kal_ws/devel;/opt/ros/noetic
[36m--[0m Found PythonInterp: /usr/bin/python3 (found suitable version "3.8.10", minimum required is "3")
[36m--[0m Using PYTHON_EXECUTABLE: /usr/bin/python3
[36m--[0m Using Debian Python package layout
[36m--[0m Using empy: /usr/lib/python3/dist-packages/em.py
[36m--[0m Using CATKIN_ENABLE_TESTING: ON
[36m--[0m Call enable_testing()
[36m--[0m Using CATKIN_TEST_RESULTS_DIR: /home/yzz/kal_ws/build/kal_controller/test_results
[36m--[0m Forcing gtest/gmock from source, though one was otherwise available.
[36m--[0m Found gtest sources under '/usr/src/googletest': gtests will be built
[36m--[0m Found gmock sources under '/usr/src/googletest': gmock will be built
[36m--[0m Found PythonInterp: /usr/bin/python3 (found version "3.8.10")
[36m--[0m Using Python nosetests: /usr/bin/nosetests3
[36m--[0m catkin 0.8.12
[36m--[0m BUILD_SHARED_LIBS is on
called: /opt/ros/noetic/share/mrt_cmake_modules/cmake/../scripts/generate_cmake_dependency_file.py /home/yzz/kal_ws/src/kal_controller/package.xml /opt/ros/noetic/share/mrt_cmake_modules/cmake/../yaml/cmake.yaml /home/yzz/kal_ws/build/kal_controller/CMakeFiles/auto_dep_vars.cmake
[36m--[0m Adding library "kal_controller" with source src/controller.cpp, includes include/kal_controller/controller.hpp;include/kal_controller/internal/utils.hpp;include/kal_controller/types.hpp
[36m--[0m Marking libraries "kal_controller" of package "kal_controller" for installation
[36m--[0m Marking HEADER FILES in "include/kal_controller" folder of package "kal_controller" for installation
[36m--[0m Generating cmake exports for kal_controller to /home/yzz/kal_ws/devel/.private/kal_controller/share
[36m--[0m Adding gtest unittest "kal_controller-gtest-test_controller" with working dir /home/yzz/kal_ws/src/kal_controller/test
[36m--[0m Creating gtest 'kal_controller-gtest-test_controller' from test/test_controller.cpp
[36m--[0m Adding gtest unittest "kal_controller-gtest-test_utils" with working dir /home/yzz/kal_ws/src/kal_controller/test
[36m--[0m Creating gtest 'kal_controller-gtest-test_utils' from test/test_utils.cpp
[36m--[0m Adding nosetests in folder /home/yzz/kal_ws/src/kal_controller/test
[36m--[0m Using Python nosetests: /usr/bin/nosetests3
[36m--[0m Adding nosetest nosetests-kal_controller-test
[36m--[0m Configuring done
[36m--[0m Generating done
[36m--[0m Build files have been written to: /home/yzz/kal_ws/build/kal_controller
